This file contains any messages produced by compilers while
running configure, to aid debugging if configure makes a mistake.

It was created by dif configure 0.5.4, which was
generated by GNU Autoconf 2.69.  Invocation command line was

  $ ./configure --with-mysql-source=/Users/nicastro/Soft/Contrib/mysql-5.7.18

## --------- ##
## Platform. ##
## --------- ##

hostname = Luciano-Nicastros-MacBook.local
uname -m = x86_64
uname -r = 16.7.0
uname -s = Darwin
uname -v = Darwin Kernel Version 16.7.0: Thu Jun 15 17:36:27 PDT 2017; root:xnu-3789.70.16~2/RELEASE_X86_64

/usr/bin/uname -p = i386
/bin/uname -X     = unknown

/bin/arch              = unknown
/usr/bin/arch -k       = unknown
/usr/convex/getsysinfo = unknown
/usr/bin/hostinfo      = Mach kernel version:
	 Darwin Kernel Version 16.7.0: Thu Jun 15 17:36:27 PDT 2017; root:xnu-3789.70.16~2/RELEASE_X86_64
Kernel configured for up to 4 processors.
2 processors are physically available.
4 processors are logically available.
Processor type: x86_64h (Intel x86-64h Haswell)
Processors active: 0 1 2 3
Primary memory available: 16.00 gigabytes
Default processor set: 328 tasks, 1150 threads, 4 processors
Load average: 1.90, Mach factor: 2.09
/bin/machine           = unknown
/usr/bin/oslevel       = unknown
/bin/universe          = unknown

PATH: /opt/local/bin
PATH: /opt/local/sbin
PATH: /Users/nicastro/Soft/Contrib/Healpix_3.11/src/cxx/osx/bin
PATH: /sw/bin
PATH: /sw/sbin
PATH: /usr/local/wcs/bin
PATH: /usr/local/cfitsio/bin
PATH: /usr/local/Montage/bin
PATH: /usr/local/mysql/bin
PATH: /usr/local/astrometry/bin
PATH: /Users/nicastro/Utils
PATH: /Users/nicastro/bin
PATH: /usr/bin
PATH: /bin
PATH: /usr/sbin
PATH: /sbin
PATH: /usr/local/bin
PATH: /opt/X11/bin
PATH: /Developer/usr/bin
PATH: /usr/X11R6/bin


## ----------- ##
## Core tests. ##
## ----------- ##

configure:2407: checking for a BSD-compatible install
configure:2475: result: /usr/bin/install -c
configure:2486: checking whether build environment is sane
configure:2541: result: yes
configure:2692: checking for a thread-safe mkdir -p
configure:2731: result: config/install-sh -c -d
configure:2738: checking for gawk
configure:2754: found /opt/local/bin/gawk
configure:2765: result: gawk
configure:2776: checking whether make sets $(MAKE)
configure:2798: result: yes
configure:2827: checking whether make supports nested variables
configure:2844: result: yes
configure:3138: checking for g++
configure:3154: found /opt/local/bin/g++
configure:3165: result: g++
configure:3192: checking for C++ compiler version
configure:3201: g++ --version >&5
g++ (MacPorts gcc6 6.3.0_2) 6.3.0
Copyright (C) 2016 Free Software Foundation, Inc.
This is free software; see the source for copying conditions.  There is NO
warranty; not even for MERCHANTABILITY or FITNESS FOR A PARTICULAR PURPOSE.

configure:3212: $? = 0
configure:3201: g++ -v >&5
Using built-in specs.
COLLECT_GCC=g++
COLLECT_LTO_WRAPPER=/opt/local/libexec/gcc/x86_64-apple-darwin16/6.3.0/lto-wrapper
Target: x86_64-apple-darwin16
Configured with: /opt/local/var/macports/build/_opt_bblocal_var_buildworker_ports_build_ports_lang_gcc6/gcc6/work/gcc-6.3.0/configure --prefix=/opt/local --build=x86_64-apple-darwin16 --enable-languages=c,c++,objc,obj-c++,lto,fortran --libdir=/opt/local/lib/gcc6 --includedir=/opt/local/include/gcc6 --infodir=/opt/local/share/info --mandir=/opt/local/share/man --datarootdir=/opt/local/share/gcc-6 --with-local-prefix=/opt/local --with-system-zlib --disable-nls --program-suffix=-mp-6 --with-gxx-include-dir=/opt/local/include/gcc6/c++/ --with-gmp=/opt/local --with-mpfr=/opt/local --with-mpc=/opt/local --with-isl=/opt/local --enable-stage1-checking --disable-multilib --enable-lto --enable-libstdcxx-time --with-build-config=bootstrap-debug --with-as=/opt/local/bin/as --with-ld=/opt/local/bin/ld --with-ar=/opt/local/bin/ar --with-bugurl=https://trac.macports.org/newticket --with-pkgversion='MacPorts gcc6 6.3.0_2'
Thread model: posix
gcc version 6.3.0 (MacPorts gcc6 6.3.0_2) 
configure:3212: $? = 0
configure:3201: g++ -V >&5
g++: error: unrecognized command line option '-V'
g++: fatal error: no input files
compilation terminated.
configure:3212: $? = 1
configure:3201: g++ -qversion >&5
g++: error: unrecognized command line option '-qversion'; did you mean '--version'?
g++: fatal error: no input files
compilation terminated.
configure:3212: $? = 1
configure:3232: checking whether the C++ compiler works
configure:3254: g++  -I/Users/nicastro/Soft/Contrib/mysql-5.7.18/sql -I/Users/nicastro/Soft/Contrib/mysql-5.7.18/include -I/Users/nicastro/Soft/Contrib/mysql-5.7.18/include/mysql -I/Users/nicastro/Soft/Contrib/mysql-5.7.18/libbinlogevents/export -I/Users/nicastro/Soft/Contrib/mysql-5.7.18/libbinlogevents/include   conftest.cpp  >&5
configure:3258: $? = 0
configure:3306: result: yes
configure:3309: checking for C++ compiler default output file name
configure:3311: result: a.out
configure:3317: checking for suffix of executables
configure:3324: g++ -o conftest  -I/Users/nicastro/Soft/Contrib/mysql-5.7.18/sql -I/Users/nicastro/Soft/Contrib/mysql-5.7.18/include -I/Users/nicastro/Soft/Contrib/mysql-5.7.18/include/mysql -I/Users/nicastro/Soft/Contrib/mysql-5.7.18/libbinlogevents/export -I/Users/nicastro/Soft/Contrib/mysql-5.7.18/libbinlogevents/include   conftest.cpp  >&5
configure:3328: $? = 0
configure:3350: result: 
configure:3372: checking whether we are cross compiling
configure:3380: g++ -o conftest  -I/Users/nicastro/Soft/Contrib/mysql-5.7.18/sql -I/Users/nicastro/Soft/Contrib/mysql-5.7.18/include -I/Users/nicastro/Soft/Contrib/mysql-5.7.18/include/mysql -I/Users/nicastro/Soft/Contrib/mysql-5.7.18/libbinlogevents/export -I/Users/nicastro/Soft/Contrib/mysql-5.7.18/libbinlogevents/include   conftest.cpp  >&5
configure:3384: $? = 0
configure:3391: ./conftest
configure:3395: $? = 0
configure:3410: result: no
configure:3415: checking for suffix of object files
configure:3437: g++ -c  -I/Users/nicastro/Soft/Contrib/mysql-5.7.18/sql -I/Users/nicastro/Soft/Contrib/mysql-5.7.18/include -I/Users/nicastro/Soft/Contrib/mysql-5.7.18/include/mysql -I/Users/nicastro/Soft/Contrib/mysql-5.7.18/libbinlogevents/export -I/Users/nicastro/Soft/Contrib/mysql-5.7.18/libbinlogevents/include  conftest.cpp >&5
configure:3441: $? = 0
configure:3462: result: o
configure:3466: checking whether we are using the GNU C++ compiler
configure:3485: g++ -c  -I/Users/nicastro/Soft/Contrib/mysql-5.7.18/sql -I/Users/nicastro/Soft/Contrib/mysql-5.7.18/include -I/Users/nicastro/Soft/Contrib/mysql-5.7.18/include/mysql -I/Users/nicastro/Soft/Contrib/mysql-5.7.18/libbinlogevents/export -I/Users/nicastro/Soft/Contrib/mysql-5.7.18/libbinlogevents/include  conftest.cpp >&5
configure:3485: $? = 0
configure:3494: result: yes
configure:3503: checking whether g++ accepts -g
configure:3523: g++ -c -g -I/Users/nicastro/Soft/Contrib/mysql-5.7.18/sql -I/Users/nicastro/Soft/Contrib/mysql-5.7.18/include -I/Users/nicastro/Soft/Contrib/mysql-5.7.18/include/mysql -I/Users/nicastro/Soft/Contrib/mysql-5.7.18/libbinlogevents/export -I/Users/nicastro/Soft/Contrib/mysql-5.7.18/libbinlogevents/include  conftest.cpp >&5
configure:3523: $? = 0
configure:3564: result: yes
configure:3598: checking for style of include used by make
configure:3626: result: GNU
configure:3652: checking dependency style of g++
configure:3763: result: gcc3
configure:3807: checking build system type
configure:3821: result: x86_64-apple-darwin16.7.0
configure:3841: checking host system type
configure:3854: result: x86_64-apple-darwin16.7.0
configure:3895: checking how to print strings
configure:3922: result: printf
configure:3991: checking for gcc
configure:4007: found /opt/local/bin/gcc
configure:4018: result: gcc
configure:4247: checking for C compiler version
configure:4256: gcc --version >&5
gcc (MacPorts gcc6 6.3.0_2) 6.3.0
Copyright (C) 2016 Free Software Foundation, Inc.
This is free software; see the source for copying conditions.  There is NO
warranty; not even for MERCHANTABILITY or FITNESS FOR A PARTICULAR PURPOSE.

configure:4267: $? = 0
configure:4256: gcc -v >&5
Using built-in specs.
COLLECT_GCC=gcc
COLLECT_LTO_WRAPPER=/opt/local/libexec/gcc/x86_64-apple-darwin16/6.3.0/lto-wrapper
Target: x86_64-apple-darwin16
Configured with: /opt/local/var/macports/build/_opt_bblocal_var_buildworker_ports_build_ports_lang_gcc6/gcc6/work/gcc-6.3.0/configure --prefix=/opt/local --build=x86_64-apple-darwin16 --enable-languages=c,c++,objc,obj-c++,lto,fortran --libdir=/opt/local/lib/gcc6 --includedir=/opt/local/include/gcc6 --infodir=/opt/local/share/info --mandir=/opt/local/share/man --datarootdir=/opt/local/share/gcc-6 --with-local-prefix=/opt/local --with-system-zlib --disable-nls --program-suffix=-mp-6 --with-gxx-include-dir=/opt/local/include/gcc6/c++/ --with-gmp=/opt/local --with-mpfr=/opt/local --with-mpc=/opt/local --with-isl=/opt/local --enable-stage1-checking --disable-multilib --enable-lto --enable-libstdcxx-time --with-build-config=bootstrap-debug --with-as=/opt/local/bin/as --with-ld=/opt/local/bin/ld --with-ar=/opt/local/bin/ar --with-bugurl=https://trac.macports.org/newticket --with-pkgversion='MacPorts gcc6 6.3.0_2'
Thread model: posix
gcc version 6.3.0 (MacPorts gcc6 6.3.0_2) 
configure:4267: $? = 0
configure:4256: gcc -V >&5
gcc: error: unrecognized command line option '-V'
gcc: fatal error: no input files
compilation terminated.
configure:4267: $? = 1
configure:4256: gcc -qversion >&5
gcc: error: unrecognized command line option '-qversion'; did you mean '--version'?
gcc: fatal error: no input files
compilation terminated.
configure:4267: $? = 1
configure:4271: checking whether we are using the GNU C compiler
configure:4290: gcc -c  -I/Users/nicastro/Soft/Contrib/mysql-5.7.18/sql -I/Users/nicastro/Soft/Contrib/mysql-5.7.18/include -I/Users/nicastro/Soft/Contrib/mysql-5.7.18/include/mysql -I/Users/nicastro/Soft/Contrib/mysql-5.7.18/libbinlogevents/export -I/Users/nicastro/Soft/Contrib/mysql-5.7.18/libbinlogevents/include  conftest.c >&5
configure:4290: $? = 0
configure:4299: result: yes
configure:4308: checking whether gcc accepts -g
configure:4328: gcc -c -g -I/Users/nicastro/Soft/Contrib/mysql-5.7.18/sql -I/Users/nicastro/Soft/Contrib/mysql-5.7.18/include -I/Users/nicastro/Soft/Contrib/mysql-5.7.18/include/mysql -I/Users/nicastro/Soft/Contrib/mysql-5.7.18/libbinlogevents/export -I/Users/nicastro/Soft/Contrib/mysql-5.7.18/libbinlogevents/include  conftest.c >&5
configure:4328: $? = 0
configure:4369: result: yes
configure:4386: checking for gcc option to accept ISO C89
configure:4449: gcc  -c -g -O2 -I/Users/nicastro/Soft/Contrib/mysql-5.7.18/sql -I/Users/nicastro/Soft/Contrib/mysql-5.7.18/include -I/Users/nicastro/Soft/Contrib/mysql-5.7.18/include/mysql -I/Users/nicastro/Soft/Contrib/mysql-5.7.18/libbinlogevents/export -I/Users/nicastro/Soft/Contrib/mysql-5.7.18/libbinlogevents/include  conftest.c >&5
configure:4449: $? = 0
configure:4462: result: none needed
configure:4487: checking whether gcc understands -c and -o together
configure:4509: gcc -c conftest.c -o conftest2.o
configure:4512: $? = 0
configure:4509: gcc -c conftest.c -o conftest2.o
configure:4512: $? = 0
configure:4524: result: yes
configure:4543: checking dependency style of gcc
configure:4654: result: gcc3
configure:4669: checking for a sed that does not truncate output
configure:4733: result: /opt/local/bin/gsed
configure:4751: checking for grep that handles long lines and -e
configure:4809: result: /usr/bin/grep
configure:4814: checking for egrep
configure:4876: result: /usr/bin/grep -E
configure:4881: checking for fgrep
configure:4943: result: /usr/bin/grep -F
configure:4978: checking for ld used by gcc
configure:5045: result: /opt/local/bin/ld
configure:5052: checking if the linker (/opt/local/bin/ld) is GNU ld
configure:5067: result: no
configure:5079: checking for BSD- or MS-compatible name lister (nm)
configure:5133: result: /opt/local/bin/nm -B
configure:5263: checking the name lister (/opt/local/bin/nm -B) interface
configure:5270: g++ -c -g -O2 -I/Users/nicastro/Soft/Contrib/mysql-5.7.18/sql -I/Users/nicastro/Soft/Contrib/mysql-5.7.18/include -I/Users/nicastro/Soft/Contrib/mysql-5.7.18/include/mysql -I/Users/nicastro/Soft/Contrib/mysql-5.7.18/libbinlogevents/export -I/Users/nicastro/Soft/Contrib/mysql-5.7.18/libbinlogevents/include  conftest.cpp >&5
configure:5273: /opt/local/bin/nm -B "conftest.o"
configure:5276: output
000000000000019c S _some_variable
configure:5283: result: BSD nm
configure:5286: checking whether ln -s works
configure:5290: result: yes
configure:5298: checking the maximum length of command line arguments
configure:5429: result: 196608
configure:5477: checking how to convert x86_64-apple-darwin16.7.0 file names to x86_64-apple-darwin16.7.0 format
configure:5517: result: func_convert_file_noop
configure:5524: checking how to convert x86_64-apple-darwin16.7.0 file names to toolchain format
configure:5544: result: func_convert_file_noop
configure:5551: checking for /opt/local/bin/ld option to reload object files
configure:5558: result: -r
configure:5632: checking for objdump
configure:5648: found /usr/bin/objdump
configure:5659: result: objdump
configure:5691: checking how to recognize dependent libraries
configure:5891: result: pass_all
configure:5976: checking for dlltool
configure:6006: result: no
configure:6036: checking how to associate runtime and link libraries
configure:6063: result: printf %s\n
configure:6124: checking for ar
configure:6140: found /opt/local/bin/ar
configure:6151: result: ar
configure:6188: checking for archiver @FILE support
configure:6205: g++ -c -g -O2 -I/Users/nicastro/Soft/Contrib/mysql-5.7.18/sql -I/Users/nicastro/Soft/Contrib/mysql-5.7.18/include -I/Users/nicastro/Soft/Contrib/mysql-5.7.18/include/mysql -I/Users/nicastro/Soft/Contrib/mysql-5.7.18/libbinlogevents/export -I/Users/nicastro/Soft/Contrib/mysql-5.7.18/libbinlogevents/include  conftest.cpp >&5
configure:6205: $? = 0
configure:6208: ar cru libconftest.a @conftest.lst >&5
ar: @conftest.lst: No such file or directory
configure:6211: $? = 1
configure:6231: result: no
configure:6289: checking for strip
configure:6305: found /opt/local/bin/strip
configure:6316: result: strip
configure:6388: checking for ranlib
configure:6404: found /opt/local/bin/ranlib
configure:6415: result: ranlib
configure:6517: checking command to parse /opt/local/bin/nm -B output from gcc object
configure:6670: g++ -c -g -O2 -I/Users/nicastro/Soft/Contrib/mysql-5.7.18/sql -I/Users/nicastro/Soft/Contrib/mysql-5.7.18/include -I/Users/nicastro/Soft/Contrib/mysql-5.7.18/include/mysql -I/Users/nicastro/Soft/Contrib/mysql-5.7.18/libbinlogevents/export -I/Users/nicastro/Soft/Contrib/mysql-5.7.18/libbinlogevents/include  conftest.cpp >&5
configure:6673: $? = 0
configure:6677: /opt/local/bin/nm -B conftest.o \| sed -n -e 's/^.*[ ]\([BCDEGRST][BCDEGRST]*\)[ ][ ]*\([_A-Za-z][_A-Za-z0-9]*\)$/\1 \2 \2/p' | sed '/ __gnu_lto/d' \> conftest.nm
configure:6680: $? = 0
cannot find nm_test_var in conftest.nm
configure:6670: g++ -c -g -O2 -I/Users/nicastro/Soft/Contrib/mysql-5.7.18/sql -I/Users/nicastro/Soft/Contrib/mysql-5.7.18/include -I/Users/nicastro/Soft/Contrib/mysql-5.7.18/include/mysql -I/Users/nicastro/Soft/Contrib/mysql-5.7.18/libbinlogevents/export -I/Users/nicastro/Soft/Contrib/mysql-5.7.18/libbinlogevents/include  conftest.cpp >&5
configure:6673: $? = 0
configure:6677: /opt/local/bin/nm -B conftest.o \| sed -n -e 's/^.*[ ]\([BCDEGRST][BCDEGRST]*\)[ ][ ]*_\([_A-Za-z][_A-Za-z0-9]*\)$/\1 _\2 \2/p' | sed '/ __gnu_lto/d' \> conftest.nm
configure:6680: $? = 0
configure:6746: g++ -o conftest -g -O2 -I/Users/nicastro/Soft/Contrib/mysql-5.7.18/sql -I/Users/nicastro/Soft/Contrib/mysql-5.7.18/include -I/Users/nicastro/Soft/Contrib/mysql-5.7.18/include/mysql -I/Users/nicastro/Soft/Contrib/mysql-5.7.18/libbinlogevents/export -I/Users/nicastro/Soft/Contrib/mysql-5.7.18/libbinlogevents/include   conftest.cpp conftstm.o >&5
configure:6749: $? = 0
configure:6787: result: ok
configure:6834: checking for sysroot
configure:6864: result: no
configure:6871: checking for a working dd
configure:6909: result: /bin/dd
configure:6913: checking how to truncate binary pipes
configure:6928: result: /bin/dd bs=4096 count=1
configure:7258: checking for mt
configure:7288: result: no
configure:7308: checking if : is a manifest tool
configure:7314: : '-?'
configure:7322: result: no
configure:7378: checking for dsymutil
configure:7394: found /usr/bin/dsymutil
configure:7405: result: dsymutil
configure:7470: checking for nmedit
configure:7486: found /opt/local/bin/nmedit
configure:7497: result: nmedit
configure:7562: checking for lipo
configure:7578: found /opt/local/bin/lipo
configure:7589: result: lipo
configure:7654: checking for otool
configure:7670: found /opt/local/bin/otool
configure:7681: result: otool
configure:7746: checking for otool64
configure:7776: result: no
configure:7821: checking for -single_module linker flag
gcc -g -O2  -o libconftest.dylib -dynamiclib -Wl,-single_module conftest.c
configure:7854: result: yes
configure:7857: checking for -exported_symbols_list linker flag
configure:7877: g++ -o conftest -g -O2 -I/Users/nicastro/Soft/Contrib/mysql-5.7.18/sql -I/Users/nicastro/Soft/Contrib/mysql-5.7.18/include -I/Users/nicastro/Soft/Contrib/mysql-5.7.18/include/mysql -I/Users/nicastro/Soft/Contrib/mysql-5.7.18/libbinlogevents/export -I/Users/nicastro/Soft/Contrib/mysql-5.7.18/libbinlogevents/include   -Wl,-exported_symbols_list,conftest.sym conftest.cpp  >&5
configure:7877: $? = 0
configure:7887: result: yes
configure:7890: checking for -force_load linker flag
gcc -g -O2 -c -o conftest.o conftest.c
ar cru libconftest.a conftest.o
ranlib libconftest.a
gcc -g -O2  -o conftest conftest.c -Wl,-force_load,./libconftest.a
configure:7922: result: yes
configure:7999: checking how to run the C preprocessor
configure:8030: gcc -E -I/Users/nicastro/Soft/Contrib/mysql-5.7.18/sql -I/Users/nicastro/Soft/Contrib/mysql-5.7.18/include -I/Users/nicastro/Soft/Contrib/mysql-5.7.18/include/mysql -I/Users/nicastro/Soft/Contrib/mysql-5.7.18/libbinlogevents/export -I/Users/nicastro/Soft/Contrib/mysql-5.7.18/libbinlogevents/include  conftest.c
configure:8030: $? = 0
configure:8044: gcc -E -I/Users/nicastro/Soft/Contrib/mysql-5.7.18/sql -I/Users/nicastro/Soft/Contrib/mysql-5.7.18/include -I/Users/nicastro/Soft/Contrib/mysql-5.7.18/include/mysql -I/Users/nicastro/Soft/Contrib/mysql-5.7.18/libbinlogevents/export -I/Users/nicastro/Soft/Contrib/mysql-5.7.18/libbinlogevents/include  conftest.c
conftest.c:11:28: fatal error: ac_nonexistent.h: No such file or directory
 #include <ac_nonexistent.h>
                            ^
compilation terminated.
configure:8044: $? = 1
configure: failed program was:
| /* confdefs.h */
| #define PACKAGE_NAME "dif"
| #define PACKAGE_TARNAME "dif"
| #define PACKAGE_VERSION "0.5.4"
| #define PACKAGE_STRING "dif 0.5.4"
| #define PACKAGE_BUGREPORT "Giorgio Calderone <giorgio.calderone@gmail.com>, Luciano Nicastro <nicastro@iasfbo.inaf.it>"
| #define PACKAGE_URL ""
| #define PACKAGE "dif"
| #define VERSION "0.5.4"
| /* end confdefs.h.  */
| #include <ac_nonexistent.h>
configure:8069: result: gcc -E
configure:8089: gcc -E -I/Users/nicastro/Soft/Contrib/mysql-5.7.18/sql -I/Users/nicastro/Soft/Contrib/mysql-5.7.18/include -I/Users/nicastro/Soft/Contrib/mysql-5.7.18/include/mysql -I/Users/nicastro/Soft/Contrib/mysql-5.7.18/libbinlogevents/export -I/Users/nicastro/Soft/Contrib/mysql-5.7.18/libbinlogevents/include  conftest.c
configure:8089: $? = 0
configure:8103: gcc -E -I/Users/nicastro/Soft/Contrib/mysql-5.7.18/sql -I/Users/nicastro/Soft/Contrib/mysql-5.7.18/include -I/Users/nicastro/Soft/Contrib/mysql-5.7.18/include/mysql -I/Users/nicastro/Soft/Contrib/mysql-5.7.18/libbinlogevents/export -I/Users/nicastro/Soft/Contrib/mysql-5.7.18/libbinlogevents/include  conftest.c
conftest.c:11:28: fatal error: ac_nonexistent.h: No such file or directory
 #include <ac_nonexistent.h>
                            ^
compilation terminated.
configure:8103: $? = 1
configure: failed program was:
| /* confdefs.h */
| #define PACKAGE_NAME "dif"
| #define PACKAGE_TARNAME "dif"
| #define PACKAGE_VERSION "0.5.4"
| #define PACKAGE_STRING "dif 0.5.4"
| #define PACKAGE_BUGREPORT "Giorgio Calderone <giorgio.calderone@gmail.com>, Luciano Nicastro <nicastro@iasfbo.inaf.it>"
| #define PACKAGE_URL ""
| #define PACKAGE "dif"
| #define VERSION "0.5.4"
| /* end confdefs.h.  */
| #include <ac_nonexistent.h>
configure:8132: checking for ANSI C header files
configure:8152: gcc -c -g -O2 -I/Users/nicastro/Soft/Contrib/mysql-5.7.18/sql -I/Users/nicastro/Soft/Contrib/mysql-5.7.18/include -I/Users/nicastro/Soft/Contrib/mysql-5.7.18/include/mysql -I/Users/nicastro/Soft/Contrib/mysql-5.7.18/libbinlogevents/export -I/Users/nicastro/Soft/Contrib/mysql-5.7.18/libbinlogevents/include  conftest.c >&5
configure:8152: $? = 0
configure:8225: gcc -o conftest -g -O2 -I/Users/nicastro/Soft/Contrib/mysql-5.7.18/sql -I/Users/nicastro/Soft/Contrib/mysql-5.7.18/include -I/Users/nicastro/Soft/Contrib/mysql-5.7.18/include/mysql -I/Users/nicastro/Soft/Contrib/mysql-5.7.18/libbinlogevents/export -I/Users/nicastro/Soft/Contrib/mysql-5.7.18/libbinlogevents/include   conftest.c  >&5
configure:8225: $? = 0
configure:8225: ./conftest
configure:8225: $? = 0
configure:8236: result: yes
configure:8249: checking for sys/types.h
configure:8249: gcc -c -g -O2 -I/Users/nicastro/Soft/Contrib/mysql-5.7.18/sql -I/Users/nicastro/Soft/Contrib/mysql-5.7.18/include -I/Users/nicastro/Soft/Contrib/mysql-5.7.18/include/mysql -I/Users/nicastro/Soft/Contrib/mysql-5.7.18/libbinlogevents/export -I/Users/nicastro/Soft/Contrib/mysql-5.7.18/libbinlogevents/include  conftest.c >&5
configure:8249: $? = 0
configure:8249: result: yes
configure:8249: checking for sys/stat.h
configure:8249: gcc -c -g -O2 -I/Users/nicastro/Soft/Contrib/mysql-5.7.18/sql -I/Users/nicastro/Soft/Contrib/mysql-5.7.18/include -I/Users/nicastro/Soft/Contrib/mysql-5.7.18/include/mysql -I/Users/nicastro/Soft/Contrib/mysql-5.7.18/libbinlogevents/export -I/Users/nicastro/Soft/Contrib/mysql-5.7.18/libbinlogevents/include  conftest.c >&5
configure:8249: $? = 0
configure:8249: result: yes
configure:8249: checking for stdlib.h
configure:8249: gcc -c -g -O2 -I/Users/nicastro/Soft/Contrib/mysql-5.7.18/sql -I/Users/nicastro/Soft/Contrib/mysql-5.7.18/include -I/Users/nicastro/Soft/Contrib/mysql-5.7.18/include/mysql -I/Users/nicastro/Soft/Contrib/mysql-5.7.18/libbinlogevents/export -I/Users/nicastro/Soft/Contrib/mysql-5.7.18/libbinlogevents/include  conftest.c >&5
configure:8249: $? = 0
configure:8249: result: yes
configure:8249: checking for string.h
configure:8249: gcc -c -g -O2 -I/Users/nicastro/Soft/Contrib/mysql-5.7.18/sql -I/Users/nicastro/Soft/Contrib/mysql-5.7.18/include -I/Users/nicastro/Soft/Contrib/mysql-5.7.18/include/mysql -I/Users/nicastro/Soft/Contrib/mysql-5.7.18/libbinlogevents/export -I/Users/nicastro/Soft/Contrib/mysql-5.7.18/libbinlogevents/include  conftest.c >&5
configure:8249: $? = 0
configure:8249: result: yes
configure:8249: checking for memory.h
configure:8249: gcc -c -g -O2 -I/Users/nicastro/Soft/Contrib/mysql-5.7.18/sql -I/Users/nicastro/Soft/Contrib/mysql-5.7.18/include -I/Users/nicastro/Soft/Contrib/mysql-5.7.18/include/mysql -I/Users/nicastro/Soft/Contrib/mysql-5.7.18/libbinlogevents/export -I/Users/nicastro/Soft/Contrib/mysql-5.7.18/libbinlogevents/include  conftest.c >&5
configure:8249: $? = 0
configure:8249: result: yes
configure:8249: checking for strings.h
configure:8249: gcc -c -g -O2 -I/Users/nicastro/Soft/Contrib/mysql-5.7.18/sql -I/Users/nicastro/Soft/Contrib/mysql-5.7.18/include -I/Users/nicastro/Soft/Contrib/mysql-5.7.18/include/mysql -I/Users/nicastro/Soft/Contrib/mysql-5.7.18/libbinlogevents/export -I/Users/nicastro/Soft/Contrib/mysql-5.7.18/libbinlogevents/include  conftest.c >&5
configure:8249: $? = 0
configure:8249: result: yes
configure:8249: checking for inttypes.h
configure:8249: gcc -c -g -O2 -I/Users/nicastro/Soft/Contrib/mysql-5.7.18/sql -I/Users/nicastro/Soft/Contrib/mysql-5.7.18/include -I/Users/nicastro/Soft/Contrib/mysql-5.7.18/include/mysql -I/Users/nicastro/Soft/Contrib/mysql-5.7.18/libbinlogevents/export -I/Users/nicastro/Soft/Contrib/mysql-5.7.18/libbinlogevents/include  conftest.c >&5
configure:8249: $? = 0
configure:8249: result: yes
configure:8249: checking for stdint.h
configure:8249: gcc -c -g -O2 -I/Users/nicastro/Soft/Contrib/mysql-5.7.18/sql -I/Users/nicastro/Soft/Contrib/mysql-5.7.18/include -I/Users/nicastro/Soft/Contrib/mysql-5.7.18/include/mysql -I/Users/nicastro/Soft/Contrib/mysql-5.7.18/libbinlogevents/export -I/Users/nicastro/Soft/Contrib/mysql-5.7.18/libbinlogevents/include  conftest.c >&5
configure:8249: $? = 0
configure:8249: result: yes
configure:8249: checking for unistd.h
configure:8249: gcc -c -g -O2 -I/Users/nicastro/Soft/Contrib/mysql-5.7.18/sql -I/Users/nicastro/Soft/Contrib/mysql-5.7.18/include -I/Users/nicastro/Soft/Contrib/mysql-5.7.18/include/mysql -I/Users/nicastro/Soft/Contrib/mysql-5.7.18/libbinlogevents/export -I/Users/nicastro/Soft/Contrib/mysql-5.7.18/libbinlogevents/include  conftest.c >&5
configure:8249: $? = 0
configure:8249: result: yes
configure:8263: checking for dlfcn.h
configure:8263: gcc -c -g -O2 -I/Users/nicastro/Soft/Contrib/mysql-5.7.18/sql -I/Users/nicastro/Soft/Contrib/mysql-5.7.18/include -I/Users/nicastro/Soft/Contrib/mysql-5.7.18/include/mysql -I/Users/nicastro/Soft/Contrib/mysql-5.7.18/libbinlogevents/export -I/Users/nicastro/Soft/Contrib/mysql-5.7.18/libbinlogevents/include  conftest.c >&5
configure:8263: $? = 0
configure:8263: result: yes
configure:8529: checking for objdir
configure:8544: result: .libs
configure:8804: checking if gcc supports -fno-rtti -fno-exceptions
configure:8822: gcc -c -g -O2 -I/Users/nicastro/Soft/Contrib/mysql-5.7.18/sql -I/Users/nicastro/Soft/Contrib/mysql-5.7.18/include -I/Users/nicastro/Soft/Contrib/mysql-5.7.18/include/mysql -I/Users/nicastro/Soft/Contrib/mysql-5.7.18/libbinlogevents/export -I/Users/nicastro/Soft/Contrib/mysql-5.7.18/libbinlogevents/include  -fno-rtti -fno-exceptions conftest.c >&5
cc1: warning: command line option '-fno-rtti' is valid for C++/ObjC++ but not for C
configure:8826: $? = 0
configure:8839: result: no
configure:9197: checking for gcc option to produce PIC
configure:9204: result: -fno-common -DPIC
configure:9212: checking if gcc PIC flag -fno-common -DPIC works
configure:9230: gcc -c -g -O2 -I/Users/nicastro/Soft/Contrib/mysql-5.7.18/sql -I/Users/nicastro/Soft/Contrib/mysql-5.7.18/include -I/Users/nicastro/Soft/Contrib/mysql-5.7.18/include/mysql -I/Users/nicastro/Soft/Contrib/mysql-5.7.18/libbinlogevents/export -I/Users/nicastro/Soft/Contrib/mysql-5.7.18/libbinlogevents/include  -fno-common -DPIC -DPIC conftest.c >&5
configure:9234: $? = 0
configure:9247: result: yes
configure:9276: checking if gcc static flag -static works
configure:9304: result: no
configure:9319: checking if gcc supports -c -o file.o
configure:9340: gcc -c -g -O2 -I/Users/nicastro/Soft/Contrib/mysql-5.7.18/sql -I/Users/nicastro/Soft/Contrib/mysql-5.7.18/include -I/Users/nicastro/Soft/Contrib/mysql-5.7.18/include/mysql -I/Users/nicastro/Soft/Contrib/mysql-5.7.18/libbinlogevents/export -I/Users/nicastro/Soft/Contrib/mysql-5.7.18/libbinlogevents/include  -o out/conftest2.o conftest.c >&5
configure:9344: $? = 0
configure:9366: result: yes
configure:9374: checking if gcc supports -c -o file.o
configure:9421: result: yes
configure:9454: checking whether the gcc linker (/opt/local/bin/ld) supports shared libraries
configure:10713: result: yes
configure:10953: checking dynamic linker characteristics
configure:11771: result: darwin16.7.0 dyld
configure:11893: checking how to hardcode library paths into programs
configure:11918: result: immediate
configure:12466: checking whether stripping libraries is possible
configure:12480: result: yes
configure:12506: checking if libtool supports shared libraries
configure:12508: result: yes
configure:12511: checking whether to build shared libraries
configure:12536: result: yes
configure:12539: checking whether to build static libraries
configure:12543: result: yes
configure:12566: checking how to run the C++ preprocessor
configure:12593: g++ -E -I/Users/nicastro/Soft/Contrib/mysql-5.7.18/sql -I/Users/nicastro/Soft/Contrib/mysql-5.7.18/include -I/Users/nicastro/Soft/Contrib/mysql-5.7.18/include/mysql -I/Users/nicastro/Soft/Contrib/mysql-5.7.18/libbinlogevents/export -I/Users/nicastro/Soft/Contrib/mysql-5.7.18/libbinlogevents/include  conftest.cpp
configure:12593: $? = 0
configure:12607: g++ -E -I/Users/nicastro/Soft/Contrib/mysql-5.7.18/sql -I/Users/nicastro/Soft/Contrib/mysql-5.7.18/include -I/Users/nicastro/Soft/Contrib/mysql-5.7.18/include/mysql -I/Users/nicastro/Soft/Contrib/mysql-5.7.18/libbinlogevents/export -I/Users/nicastro/Soft/Contrib/mysql-5.7.18/libbinlogevents/include  conftest.cpp
conftest.cpp:23:28: fatal error: ac_nonexistent.h: No such file or directory
 #include <ac_nonexistent.h>
                            ^
compilation terminated.
configure:12607: $? = 1
configure: failed program was:
| /* confdefs.h */
| #define PACKAGE_NAME "dif"
| #define PACKAGE_TARNAME "dif"
| #define PACKAGE_VERSION "0.5.4"
| #define PACKAGE_STRING "dif 0.5.4"
| #define PACKAGE_BUGREPORT "Giorgio Calderone <giorgio.calderone@gmail.com>, Luciano Nicastro <nicastro@iasfbo.inaf.it>"
| #define PACKAGE_URL ""
| #define PACKAGE "dif"
| #define VERSION "0.5.4"
| #define STDC_HEADERS 1
| #define HAVE_SYS_TYPES_H 1
| #define HAVE_SYS_STAT_H 1
| #define HAVE_STDLIB_H 1
| #define HAVE_STRING_H 1
| #define HAVE_MEMORY_H 1
| #define HAVE_STRINGS_H 1
| #define HAVE_INTTYPES_H 1
| #define HAVE_STDINT_H 1
| #define HAVE_UNISTD_H 1
| #define HAVE_DLFCN_H 1
| #define LT_OBJDIR ".libs/"
| /* end confdefs.h.  */
| #include <ac_nonexistent.h>
configure:12632: result: g++ -E
configure:12652: g++ -E -I/Users/nicastro/Soft/Contrib/mysql-5.7.18/sql -I/Users/nicastro/Soft/Contrib/mysql-5.7.18/include -I/Users/nicastro/Soft/Contrib/mysql-5.7.18/include/mysql -I/Users/nicastro/Soft/Contrib/mysql-5.7.18/libbinlogevents/export -I/Users/nicastro/Soft/Contrib/mysql-5.7.18/libbinlogevents/include  conftest.cpp
configure:12652: $? = 0
configure:12666: g++ -E -I/Users/nicastro/Soft/Contrib/mysql-5.7.18/sql -I/Users/nicastro/Soft/Contrib/mysql-5.7.18/include -I/Users/nicastro/Soft/Contrib/mysql-5.7.18/include/mysql -I/Users/nicastro/Soft/Contrib/mysql-5.7.18/libbinlogevents/export -I/Users/nicastro/Soft/Contrib/mysql-5.7.18/libbinlogevents/include  conftest.cpp
conftest.cpp:23:28: fatal error: ac_nonexistent.h: No such file or directory
 #include <ac_nonexistent.h>
                            ^
compilation terminated.
configure:12666: $? = 1
configure: failed program was:
| /* confdefs.h */
| #define PACKAGE_NAME "dif"
| #define PACKAGE_TARNAME "dif"
| #define PACKAGE_VERSION "0.5.4"
| #define PACKAGE_STRING "dif 0.5.4"
| #define PACKAGE_BUGREPORT "Giorgio Calderone <giorgio.calderone@gmail.com>, Luciano Nicastro <nicastro@iasfbo.inaf.it>"
| #define PACKAGE_URL ""
| #define PACKAGE "dif"
| #define VERSION "0.5.4"
| #define STDC_HEADERS 1
| #define HAVE_SYS_TYPES_H 1
| #define HAVE_SYS_STAT_H 1
| #define HAVE_STDLIB_H 1
| #define HAVE_STRING_H 1
| #define HAVE_MEMORY_H 1
| #define HAVE_STRINGS_H 1
| #define HAVE_INTTYPES_H 1
| #define HAVE_STDINT_H 1
| #define HAVE_UNISTD_H 1
| #define HAVE_DLFCN_H 1
| #define LT_OBJDIR ".libs/"
| /* end confdefs.h.  */
| #include <ac_nonexistent.h>
configure:12828: checking for ld used by g++
configure:12895: result: /opt/local/bin/ld
configure:12902: checking if the linker (/opt/local/bin/ld) is GNU ld
configure:12917: result: no
configure:12972: checking whether the g++ linker (/opt/local/bin/ld) supports shared libraries
configure:14045: result: yes
configure:14081: g++ -c -g -O2 -I/Users/nicastro/Soft/Contrib/mysql-5.7.18/sql -I/Users/nicastro/Soft/Contrib/mysql-5.7.18/include -I/Users/nicastro/Soft/Contrib/mysql-5.7.18/include/mysql -I/Users/nicastro/Soft/Contrib/mysql-5.7.18/libbinlogevents/export -I/Users/nicastro/Soft/Contrib/mysql-5.7.18/libbinlogevents/include  conftest.cpp >&5
configure:14084: $? = 0
configure:14565: checking for g++ option to produce PIC
configure:14572: result: -fno-common -DPIC
configure:14580: checking if g++ PIC flag -fno-common -DPIC works
configure:14598: g++ -c -g -O2 -I/Users/nicastro/Soft/Contrib/mysql-5.7.18/sql -I/Users/nicastro/Soft/Contrib/mysql-5.7.18/include -I/Users/nicastro/Soft/Contrib/mysql-5.7.18/include/mysql -I/Users/nicastro/Soft/Contrib/mysql-5.7.18/libbinlogevents/export -I/Users/nicastro/Soft/Contrib/mysql-5.7.18/libbinlogevents/include  -fno-common -DPIC -DPIC conftest.cpp >&5
configure:14602: $? = 0
configure:14615: result: yes
configure:14638: checking if g++ static flag -static works
configure:14666: result: no
configure:14678: checking if g++ supports -c -o file.o
configure:14699: g++ -c -g -O2 -I/Users/nicastro/Soft/Contrib/mysql-5.7.18/sql -I/Users/nicastro/Soft/Contrib/mysql-5.7.18/include -I/Users/nicastro/Soft/Contrib/mysql-5.7.18/include/mysql -I/Users/nicastro/Soft/Contrib/mysql-5.7.18/libbinlogevents/export -I/Users/nicastro/Soft/Contrib/mysql-5.7.18/libbinlogevents/include  -o out/conftest2.o conftest.cpp >&5
configure:14703: $? = 0
configure:14725: result: yes
configure:14730: checking if g++ supports -c -o file.o
configure:14777: result: yes
configure:14807: checking whether the g++ linker (/opt/local/bin/ld) supports shared libraries
configure:14847: result: yes
configure:14988: checking dynamic linker characteristics
configure:15733: result: darwin16.7.0 dyld
configure:15798: checking how to hardcode library paths into programs
configure:15823: result: immediate
configure:15887: checking for perl
configure:15905: found /opt/local/bin/perl
configure:15917: result: /opt/local/bin/perl
configure:15929: checking for mysql
configure:15947: found /usr/local/mysql/bin/mysql
configure:15959: result: /usr/local/mysql/bin/mysql
configure:15971: checking for mysql_config
configure:15989: found /usr/local/mysql/bin/mysql_config
configure:16001: result: /usr/local/mysql/bin/mysql_config
configure:16212: checking that generated files are newer than configure
configure:16218: result: done
configure:16245: creating ./config.status

## ---------------------- ##
## Running config.status. ##
## ---------------------- ##

This file was extended by dif config.status 0.5.4, which was
generated by GNU Autoconf 2.69.  Invocation command line was

  CONFIG_FILES    = 
  CONFIG_HEADERS  = 
  CONFIG_LINKS    = 
  CONFIG_COMMANDS = 
  $ ./config.status 

on Luciano-Nicastros-MacBook.local

config.status:1160: creating Makefile
config.status:1160: creating version
config.status:1160: creating doc/Makefile
config.status:1160: creating contrib/Makefile
config.status:1160: creating src/Makefile
config.status:1160: creating scripts/Makefile
config.status:1160: creating sql/Makefile
config.status:1160: creating sql/Messier.sql
config.status:1160: creating sql/funcdesc.sql
config.status:1160: creating scripts/dif
config.status:1160: creating src/config.h
config.status:1341: src/config.h is unchanged
config.status:1389: executing depfiles commands
config.status:1389: executing libtool commands

## ---------------- ##
## Cache variables. ##
## ---------------- ##

ac_cv_build=x86_64-apple-darwin16.7.0
ac_cv_c_compiler_gnu=yes
ac_cv_cxx_compiler_gnu=yes
ac_cv_env_CCC_set=
ac_cv_env_CCC_value=
ac_cv_env_CC_set=
ac_cv_env_CC_value=
ac_cv_env_CFLAGS_set=
ac_cv_env_CFLAGS_value=
ac_cv_env_CPPFLAGS_set=
ac_cv_env_CPPFLAGS_value=
ac_cv_env_CPP_set=
ac_cv_env_CPP_value=
ac_cv_env_CXXCPP_set=
ac_cv_env_CXXCPP_value=
ac_cv_env_CXXFLAGS_set=
ac_cv_env_CXXFLAGS_value=
ac_cv_env_CXX_set=
ac_cv_env_CXX_value=
ac_cv_env_LDFLAGS_set=
ac_cv_env_LDFLAGS_value=
ac_cv_env_LIBS_set=
ac_cv_env_LIBS_value=
ac_cv_env_LT_SYS_LIBRARY_PATH_set=
ac_cv_env_LT_SYS_LIBRARY_PATH_value=
ac_cv_env_build_alias_set=
ac_cv_env_build_alias_value=
ac_cv_env_host_alias_set=
ac_cv_env_host_alias_value=
ac_cv_env_target_alias_set=
ac_cv_env_target_alias_value=
ac_cv_header_dlfcn_h=yes
ac_cv_header_inttypes_h=yes
ac_cv_header_memory_h=yes
ac_cv_header_stdc=yes
ac_cv_header_stdint_h=yes
ac_cv_header_stdlib_h=yes
ac_cv_header_string_h=yes
ac_cv_header_strings_h=yes
ac_cv_header_sys_stat_h=yes
ac_cv_header_sys_types_h=yes
ac_cv_header_unistd_h=yes
ac_cv_host=x86_64-apple-darwin16.7.0
ac_cv_objext=o
ac_cv_path_EGREP='/usr/bin/grep -E'
ac_cv_path_FGREP='/usr/bin/grep -F'
ac_cv_path_GREP=/usr/bin/grep
ac_cv_path_MYSQL=/usr/local/mysql/bin/mysql
ac_cv_path_MYSQL_CONFIG=/usr/local/mysql/bin/mysql_config
ac_cv_path_PERL=/opt/local/bin/perl
ac_cv_path_SED=/opt/local/bin/gsed
ac_cv_path_install='/usr/bin/install -c'
ac_cv_path_lt_DD=/bin/dd
ac_cv_prog_AWK=gawk
ac_cv_prog_CPP='gcc -E'
ac_cv_prog_CXXCPP='g++ -E'
ac_cv_prog_ac_ct_AR=ar
ac_cv_prog_ac_ct_CC=gcc
ac_cv_prog_ac_ct_CXX=g++
ac_cv_prog_ac_ct_DSYMUTIL=dsymutil
ac_cv_prog_ac_ct_LIPO=lipo
ac_cv_prog_ac_ct_NMEDIT=nmedit
ac_cv_prog_ac_ct_OBJDUMP=objdump
ac_cv_prog_ac_ct_OTOOL=otool
ac_cv_prog_ac_ct_RANLIB=ranlib
ac_cv_prog_ac_ct_STRIP=strip
ac_cv_prog_cc_c89=
ac_cv_prog_cc_g=yes
ac_cv_prog_cxx_g=yes
ac_cv_prog_make_make_set=yes
am_cv_CC_dependencies_compiler_type=gcc3
am_cv_CXX_dependencies_compiler_type=gcc3
am_cv_make_support_nested_variables=yes
am_cv_prog_cc_c_o=yes
lt_cv_apple_cc_single_mod=yes
lt_cv_ar_at_file=no
lt_cv_deplibs_check_method=pass_all
lt_cv_file_magic_cmd='$MAGIC_CMD'
lt_cv_file_magic_test_file=
lt_cv_ld_exported_symbols_list=yes
lt_cv_ld_force_load=yes
lt_cv_ld_reload_flag=-r
lt_cv_nm_interface='BSD nm'
lt_cv_objdir=.libs
lt_cv_path_LD=/opt/local/bin/ld
lt_cv_path_LDCXX=/opt/local/bin/ld
lt_cv_path_NM='/opt/local/bin/nm -B'
lt_cv_path_mainfest_tool=no
lt_cv_prog_compiler_c_o=yes
lt_cv_prog_compiler_c_o_CXX=yes
lt_cv_prog_compiler_pic='-fno-common -DPIC'
lt_cv_prog_compiler_pic_CXX='-fno-common -DPIC'
lt_cv_prog_compiler_pic_works=yes
lt_cv_prog_compiler_pic_works_CXX=yes
lt_cv_prog_compiler_rtti_exceptions=no
lt_cv_prog_compiler_static_works=no
lt_cv_prog_compiler_static_works_CXX=no
lt_cv_prog_gnu_ld=no
lt_cv_prog_gnu_ldcxx=no
lt_cv_sharedlib_from_linklib_cmd='printf %s\n'
lt_cv_sys_global_symbol_pipe='sed -n -e '\''s/^.*[	 ]\([BCDEGRST][BCDEGRST]*\)[	 ][	 ]*_\([_A-Za-z][_A-Za-z0-9]*\)$/\1 _\2 \2/p'\'' | sed '\''/ __gnu_lto/d'\'''
lt_cv_sys_global_symbol_to_c_name_address='sed -n -e '\''s/^: \(.*\) .*$/  {"\1", (void *) 0},/p'\'' -e '\''s/^[BCDEGRST][BCDEGRST]* .* \(.*\)$/  {"\1", (void *) \&\1},/p'\'''
lt_cv_sys_global_symbol_to_c_name_address_lib_prefix='sed -n -e '\''s/^: \(.*\) .*$/  {"\1", (void *) 0},/p'\'' -e '\''s/^[BCDEGRST][BCDEGRST]* .* \(lib.*\)$/  {"\1", (void *) \&\1},/p'\'' -e '\''s/^[BCDEGRST][BCDEGRST]* .* \(.*\)$/  {"lib\1", (void *) \&\1},/p'\'''
lt_cv_sys_global_symbol_to_cdecl='sed -n -e '\''s/^T .* \(.*\)$/extern int \1();/p'\'' -e '\''s/^[BCDEGRST][BCDEGRST]* .* \(.*\)$/extern char \1;/p'\'''
lt_cv_sys_global_symbol_to_import=
lt_cv_sys_max_cmd_len=196608
lt_cv_to_host_file_cmd=func_convert_file_noop
lt_cv_to_tool_file_cmd=func_convert_file_noop
lt_cv_truncate_bin='/bin/dd bs=4096 count=1'

## ----------------- ##
## Output variables. ##
## ----------------- ##

ACLOCAL='${SHELL} /Users/nicastro/Soft/Devel/dif-0.5.4/config/missing aclocal-1.15'
AMDEPBACKSLASH='\'
AMDEP_FALSE='#'
AMDEP_TRUE=''
AMTAR='$${TAR-tar}'
AM_BACKSLASH='\'
AM_DEFAULT_V='$(AM_DEFAULT_VERBOSITY)'
AM_DEFAULT_VERBOSITY='1'
AM_V='$(V)'
AR='ar'
AUTOCONF='${SHELL} /Users/nicastro/Soft/Devel/dif-0.5.4/config/missing autoconf'
AUTOHEADER='${SHELL} /Users/nicastro/Soft/Devel/dif-0.5.4/config/missing autoheader'
AUTOMAKE='${SHELL} /Users/nicastro/Soft/Devel/dif-0.5.4/config/missing automake-1.15'
AWK='gawk'
CC='gcc'
CCDEPMODE='depmode=gcc3'
CFLAGS='-g -O2'
CPP='gcc -E'
CPPFLAGS='-I/Users/nicastro/Soft/Contrib/mysql-5.7.18/sql -I/Users/nicastro/Soft/Contrib/mysql-5.7.18/include -I/Users/nicastro/Soft/Contrib/mysql-5.7.18/include/mysql -I/Users/nicastro/Soft/Contrib/mysql-5.7.18/libbinlogevents/export -I/Users/nicastro/Soft/Contrib/mysql-5.7.18/libbinlogevents/include  -I/Users/nicastro/Soft/Contrib/mysql-5.7.18 -DMYSQL5_7 -DDBUG_OFF'
CXX='g++'
CXXCPP='g++ -E'
CXXDEPMODE='depmode=gcc3'
CXXFLAGS='-g -O2'
CYGPATH_W='echo'
DEFS='-DHAVE_CONFIG_H'
DEPDIR='.deps'
DLLTOOL='false'
DSYMUTIL='dsymutil'
DUMPBIN=''
ECHO_C='\c'
ECHO_N=''
ECHO_T=''
EGREP='/usr/bin/grep -E'
EXEEXT=''
FGREP='/usr/bin/grep -F'
GREP='/usr/bin/grep'
INSTALL_DATA='${INSTALL} -m 644'
INSTALL_PROGRAM='${INSTALL}'
INSTALL_SCRIPT='${INSTALL}'
INSTALL_STRIP_PROGRAM='$(install_sh) -c -s'
LD='/opt/local/bin/ld'
LDFLAGS=''
LIBOBJS=''
LIBS=''
LIBTOOL='$(SHELL) $(top_builddir)/libtool'
LIPO='lipo'
LN_S='ln -s'
LTLIBOBJS=''
LT_SYS_LIBRARY_PATH=''
MAKEINFO='${SHELL} /Users/nicastro/Soft/Devel/dif-0.5.4/config/missing makeinfo'
MANIFEST_TOOL=':'
MKDIR_P='config/install-sh -c -d'
MYSQL='/usr/local/mysql/bin/mysql'
MYSQL_CONFIG='/usr/local/mysql/bin/mysql_config'
MYSQL_SOURCE='/Users/nicastro/Soft/Contrib/mysql-5.7.18'
MYSQL_VERSION='5_7'
MYSQL_VERSION_ID='50718'
NM='/opt/local/bin/nm -B'
NMEDIT='nmedit'
OBJDUMP='objdump'
OBJEXT='o'
OTOOL64=':'
OTOOL='otool'
PACKAGE='dif'
PACKAGE_BUGREPORT='Giorgio Calderone <giorgio.calderone@gmail.com>, Luciano Nicastro <nicastro@iasfbo.inaf.it>'
PACKAGE_NAME='dif'
PACKAGE_STRING='dif 0.5.4'
PACKAGE_TARNAME='dif'
PACKAGE_URL=''
PACKAGE_VERSION='0.5.4'
PATH_SEPARATOR=':'
PERL='/opt/local/bin/perl'
RANLIB='ranlib'
SED='/opt/local/bin/gsed'
SET_MAKE=''
SHELL='/bin/sh'
STRIP='strip'
VERSION='0.5.4'
ac_ct_AR='ar'
ac_ct_CC='gcc'
ac_ct_CXX='g++'
ac_ct_DUMPBIN=''
am__EXEEXT_FALSE=''
am__EXEEXT_TRUE='#'
am__fastdepCC_FALSE='#'
am__fastdepCC_TRUE=''
am__fastdepCXX_FALSE='#'
am__fastdepCXX_TRUE=''
am__include='include'
am__isrc=''
am__leading_dot='.'
am__nodep='_no'
am__quote=''
am__tar='$${TAR-tar} chof - "$$tardir"'
am__untar='$${TAR-tar} xf -'
bindir='${exec_prefix}/bin'
build='x86_64-apple-darwin16.7.0'
build_alias=''
build_cpu='x86_64'
build_os='darwin16.7.0'
build_vendor='apple'
datadir='${datarootdir}'
datarootdir='${prefix}/share'
docdir='${datarootdir}/doc/${PACKAGE_TARNAME}'
dvidir='${docdir}'
exec_prefix='${prefix}'
host='x86_64-apple-darwin16.7.0'
host_alias=''
host_cpu='x86_64'
host_os='darwin16.7.0'
host_vendor='apple'
htmldir='${docdir}'
includedir='${prefix}/include'
infodir='${datarootdir}/info'
install_sh='${SHELL} /Users/nicastro/Soft/Devel/dif-0.5.4/config/install-sh'
libdir='${exec_prefix}/lib'
libexecdir='${exec_prefix}/libexec'
localedir='${datarootdir}/locale'
localstatedir='${prefix}/var'
mandir='${datarootdir}/man'
mkdir_p='$(MKDIR_P)'
oldincludedir='/usr/include'
pdfdir='${docdir}'
prefix='/usr/local'
program_transform_name='s,x,x,'
psdir='${docdir}'
sbindir='${exec_prefix}/sbin'
sharedstatedir='${prefix}/com'
sysconfdir='${prefix}/etc'
target_alias=''

## ----------- ##
## confdefs.h. ##
## ----------- ##

/* confdefs.h */
#define PACKAGE_NAME "dif"
#define PACKAGE_TARNAME "dif"
#define PACKAGE_VERSION "0.5.4"
#define PACKAGE_STRING "dif 0.5.4"
#define PACKAGE_BUGREPORT "Giorgio Calderone <giorgio.calderone@gmail.com>, Luciano Nicastro <nicastro@iasfbo.inaf.it>"
#define PACKAGE_URL ""
#define PACKAGE "dif"
#define VERSION "0.5.4"
#define STDC_HEADERS 1
#define HAVE_SYS_TYPES_H 1
#define HAVE_SYS_STAT_H 1
#define HAVE_STDLIB_H 1
#define HAVE_STRING_H 1
#define HAVE_MEMORY_H 1
#define HAVE_STRINGS_H 1
#define HAVE_INTTYPES_H 1
#define HAVE_STDINT_H 1
#define HAVE_UNISTD_H 1
#define HAVE_DLFCN_H 1
#define LT_OBJDIR ".libs/"

configure: exit 0

## ---------------------- ##
## Running config.status. ##
## ---------------------- ##

This file was extended by dif config.status 0.5.4, which was
generated by GNU Autoconf 2.69.  Invocation command line was

  CONFIG_FILES    = 
  CONFIG_HEADERS  = 
  CONFIG_LINKS    = 
  CONFIG_COMMANDS = 
  $ ./config.status Makefile

on Luciano-Nicastros-MacBook.local

config.status:1160: creating Makefile

## ---------------------- ##
## Running config.status. ##
## ---------------------- ##

This file was extended by dif config.status 0.5.4, which was
generated by GNU Autoconf 2.69.  Invocation command line was

  CONFIG_FILES    = 
  CONFIG_HEADERS  = 
  CONFIG_LINKS    = 
  CONFIG_COMMANDS = 
  $ ./config.status contrib/Makefile

on Luciano-Nicastros-MacBook.local

config.status:1160: creating contrib/Makefile

## ---------------------- ##
## Running config.status. ##
## ---------------------- ##

This file was extended by dif config.status 0.5.4, which was
generated by GNU Autoconf 2.69.  Invocation command line was

  CONFIG_FILES    = 
  CONFIG_HEADERS  = 
  CONFIG_LINKS    = 
  CONFIG_COMMANDS = 
  $ ./config.status src/Makefile depfiles

on Luciano-Nicastros-MacBook.local

config.status:1160: creating src/Makefile
config.status:1389: executing depfiles commands

## ---------------------- ##
## Running config.status. ##
## ---------------------- ##

This file was extended by dif config.status 0.5.4, which was
generated by GNU Autoconf 2.69.  Invocation command line was

  CONFIG_FILES    = 
  CONFIG_HEADERS  = 
  CONFIG_LINKS    = 
  CONFIG_COMMANDS = 
  $ ./config.status sql/Makefile

on Luciano-Nicastros-MacBook.local

config.status:1160: creating sql/Makefile

## ---------------------- ##
## Running config.status. ##
## ---------------------- ##

This file was extended by dif config.status 0.5.4, which was
generated by GNU Autoconf 2.69.  Invocation command line was

  CONFIG_FILES    = 
  CONFIG_HEADERS  = 
  CONFIG_LINKS    = 
  CONFIG_COMMANDS = 
  $ ./config.status scripts/Makefile

on Luciano-Nicastros-MacBook.local

config.status:1160: creating scripts/Makefile

## ---------------------- ##
## Running config.status. ##
## ---------------------- ##

This file was extended by dif config.status 0.5.4, which was
generated by GNU Autoconf 2.69.  Invocation command line was

  CONFIG_FILES    = 
  CONFIG_HEADERS  = 
  CONFIG_LINKS    = 
  CONFIG_COMMANDS = 
  $ ./config.status doc/Makefile

on Luciano-Nicastros-MacBook.local

config.status:1160: creating doc/Makefile

## ---------------------- ##
## Running config.status. ##
## ---------------------- ##

This file was extended by dif config.status 0.5.4, which was
generated by GNU Autoconf 2.69.  Invocation command line was

  CONFIG_FILES    = 
  CONFIG_HEADERS  = 
  CONFIG_LINKS    = 
  CONFIG_COMMANDS = 
  $ ./config.status scripts/dif

on Luciano-Nicastros-MacBook.local

config.status:1160: creating scripts/dif
